2025-07-16 15:14:59,034 [INFO] - root - Application starting.
2025-07-16 15:14:59,050 [INFO] - gui.main_window - Main window initialized.
2025-07-16 15:14:59,091 [INFO] - gui.main_window - Switched to Outer Shape tab.
2025-07-16 15:14:59,126 [INFO] - gui.main_window - Switched to Outer Shape tab.
2025-07-16 15:19:11,274 [INFO] - gui.main_window - Point added: (615.75457, 265.49775). Total points in active list: 1
2025-07-16 15:19:11,304 [INFO] - gui.main_window - Point added: (613.16267, 268.51507). Total points in active list: 2
2025-07-16 15:19:11,335 [INFO] - gui.main_window - Point added: (699.0157, 860.10011). Total points in active list: 3
2025-07-16 15:19:11,361 [INFO] - gui.main_window - Point added: (702.02656, 859.96046). Total points in active list: 4
2025-07-16 15:19:11,386 [INFO] - gui.main_window - Point added: (580.66468, 1351.64741). Total points in active list: 5
2025-07-16 15:19:11,413 [INFO] - gui.main_window - Point added: (674.95809, 1351.64741). Total points in active list: 6
2025-07-16 15:19:11,438 [INFO] - gui.main_window - Point added: (580.66468, 1354.64741). Total points in active list: 7
2025-07-16 15:19:11,462 [INFO] - gui.main_window - Point added: (677.75992, 1354.64741). Total points in active list: 8
2025-07-16 15:19:11,487 [INFO] - gui.main_window - Point added: (1e-05, 3.00052). Total points in active list: 9
2025-07-16 15:19:11,520 [INFO] - gui.main_window - Point added: (0.0, 0.0). Total points in active list: 10
2025-07-16 15:19:11,552 [INFO] - gui.main_window - Point added: (-615.75456, 265.49775). Total points in active list: 11
2025-07-16 15:19:11,584 [INFO] - gui.main_window - Point added: (-613.16265, 268.51507). Total points in active list: 12
2025-07-16 15:19:11,616 [INFO] - gui.main_window - Point added: (-699.01569, 860.10011). Total points in active list: 13
2025-07-16 15:19:11,647 [INFO] - gui.main_window - Point added: (-702.02655, 859.96046). Total points in active list: 14
2025-07-16 15:19:11,679 [INFO] - gui.main_window - Point added: (-580.66467, 1351.64741). Total points in active list: 15
2025-07-16 15:19:11,712 [INFO] - gui.main_window - Point added: (-674.95808, 1351.64741). Total points in active list: 16
2025-07-16 15:19:11,745 [INFO] - gui.main_window - Point added: (-580.66467, 1354.64741). Total points in active list: 17
2025-07-16 15:19:11,777 [INFO] - gui.main_window - Point added: (-677.7599, 1354.64741). Total points in active list: 18
2025-07-16 15:19:11,810 [INFO] - gui.main_window - Pasted points processed. Added: 18, Errors: 0
2025-07-16 15:21:05,203 [INFO] - gui.main_window - Clearing geometry. Removed 18 points from active list.
2025-07-16 15:28:25,977 [INFO] - gui.main_window - Point added: (0.0, 0.0). Total points in active list: 1
2025-07-16 15:28:26,006 [INFO] - gui.main_window - Point added: (615.75457, 265.49775). Total points in active list: 2
2025-07-16 15:28:26,034 [INFO] - gui.main_window - Point added: (702.02656, 859.96046). Total points in active list: 3
2025-07-16 15:28:26,063 [INFO] - gui.main_window - Point added: (677.75992, 1354.64741). Total points in active list: 4
2025-07-16 15:28:26,094 [INFO] - gui.main_window - Point added: (580.66468, 1354.64741). Total points in active list: 5
2025-07-16 15:28:26,125 [INFO] - gui.main_window - Point added: (580.66468, 1351.64741). Total points in active list: 6
2025-07-16 15:28:26,156 [INFO] - gui.main_window - Point added: (674.95809, 1351.64741). Total points in active list: 7
2025-07-16 15:28:26,187 [INFO] - gui.main_window - Point added: (699.0157, 860.10011). Total points in active list: 8
2025-07-16 15:28:26,219 [INFO] - gui.main_window - Point added: (613.16267, 268.51507). Total points in active list: 9
2025-07-16 15:28:26,250 [INFO] - gui.main_window - Point added: (1e-05, 3.00052). Total points in active list: 10
2025-07-16 15:28:26,281 [INFO] - gui.main_window - Point added: (-613.16265, 268.51507). Total points in active list: 11
2025-07-16 15:28:26,311 [INFO] - gui.main_window - Point added: (-699.01569, 860.10011). Total points in active list: 12
2025-07-16 15:28:26,341 [INFO] - gui.main_window - Point added: (-674.95808, 1351.64741). Total points in active list: 13
2025-07-16 15:28:26,372 [INFO] - gui.main_window - Point added: (-580.66467, 1351.64741). Total points in active list: 14
2025-07-16 15:28:26,403 [INFO] - gui.main_window - Point added: (-580.66467, 1354.64741). Total points in active list: 15
2025-07-16 15:28:26,434 [INFO] - gui.main_window - Point added: (-677.7599, 1354.64741). Total points in active list: 16
2025-07-16 15:28:26,465 [INFO] - gui.main_window - Point added: (-702.02655, 859.96046). Total points in active list: 17
2025-07-16 15:28:26,495 [INFO] - gui.main_window - Point added: (-615.75456, 265.49775). Total points in active list: 18
2025-07-16 15:28:26,527 [INFO] - gui.main_window - Pasted points processed. Added: 18, Errors: 0
2025-07-16 15:32:19,040 [INFO] - gui.main_window - Project saved to /home/adminlinux/2d FEA/HA39 no structure.fea
2025-07-16 15:32:21,969 [INFO] - gui.main_window - Starting analysis run.
2025-07-16 15:32:21,969 [INFO] - gui.main_window - Inputs converted for solver: G=6.86e+09 Pa, T=23373.33783 Nm, L=1.4 m, mesh_size=0.001 m
2025-07-16 15:32:21,970 [INFO] - gui.main_window - Starting mesh generation.
2025-07-16 15:32:21,971 [INFO] - fea.meshing - Initializing gmsh for meshing with 18 outer points, 0 inner points, and mesh size 0.001.
2025-07-16 15:32:21,971 [INFO] - fea.meshing - Outer points: [(0.0, 0.0), (0.6157545699999999, 0.26549775), (0.70202656, 0.85996046), (0.67775992, 1.35464741), (0.5806646799999999, 1.35464741), (0.5806646799999999, 1.35164741), (0.67495809, 1.35164741), (0.6990157, 0.86010011), (0.61316267, 0.26851506999999997), (1e-08, 0.00300052), (-0.61316265, 0.26851506999999997), (-0.69901569, 0.86010011), (-0.67495808, 1.35164741), (-0.58066467, 1.35164741), (-0.58066467, 1.35464741), (-0.6777599, 1.35464741), (-0.70202655, 0.85996046), (-0.61575456, 0.26549775)]
2025-07-16 15:32:22,275 [INFO] - fea.meshing - Writing mesh to output/mesh.msh
2025-07-16 15:32:22,306 [INFO] - fea.meshing - Converting output/mesh.msh to XDMF format using meshio.
2025-07-16 15:32:22,419 [INFO] - fea.meshing - Successfully created domain.xdmf and facets.xdmf
2025-07-16 15:32:22,419 [INFO] - gui.main_window - Meshing complete. Mesh files in: output
2025-07-16 15:32:22,420 [INFO] - gui.main_window - Starting FEA solver.
2025-07-16 15:32:22,420 [INFO] - fea.solver - Starting torsion solver.
2025-07-16 15:32:22,420 [INFO] - fea.solver - Reading mesh from output/domain.xdmf and output/facets.xdmf
2025-07-16 15:32:22,513 [INFO] - fea.solver - Function space created with 18522 degrees of freedom.
2025-07-16 15:32:22,514 [INFO] - fea.solver - Dirichlet boundary condition applied to 7448 DOFs.
2025-07-16 15:32:22,515 [INFO] - fea.solver - Setting up and solving the linear problem.
2025-07-16 15:32:22,541 [INFO] - fea.solver - Linear problem solved successfully.
2025-07-16 15:32:22,543 [INFO] - fea.solver - Calculated Torsional Constant (J): 1.7379e-08 m^4
2025-07-16 15:32:22,543 [INFO] - fea.solver - Calculated Stiffness (k): 8.5159e+01 Nm/rad, Angle of Twist (theta): 2.7447e+02 rad
2025-07-16 15:32:22,396 [INFO] - fea.solver - Calculated Maximum Shear Stress (tau_max): 4203740983.71 Pa
2025-07-16 15:32:22,397 [INFO] - gui.main_window - Solver finished. J=1.7379e-08, k=8.5159e+01, theta=2.7447e+02, tau_max=4.2037e+09
2025-07-16 15:32:22,401 [INFO] - gui.main_window - Updating GUI with results.
2025-07-16 15:32:23,422 [INFO] - gui.main_window - Analysis run completed successfully.
2025-07-16 15:33:20,219 [INFO] - gui.main_window - Results exported to /home/adminlinux/2d FEA/HA39 no structure results.txt
